<?xml version="1.0" encoding="UTF-8"?>
<!-- Generated by org.testng.reporters.JUnitReportReporter -->
<testsuite hostname="Dinesh" failures="0" tests="7" name="com.sellingo.TC002_LoginTest" time="5.247" errors="0" timestamp="2024-10-06T13:52:21 IST" skipped="0">
  <testcase classname="com.sellingo.TC002_LoginTest" name="TC002_SC001_errorMessgeMobileNumberTest" time="1.493"/>
  <system-out/>
  <testcase classname="com.sellingo.TC002_LoginTest" name="TC002_SC002_errorMessgePasswordTest" time="0.404"/>
  <system-out/>
  <testcase classname="com.sellingo.TC002_LoginTest" name="TC002_SC003_forgotPasswordFlow" time="0.751"/>
  <system-out/>
  <testcase classname="com.sellingo.TC002_LoginTest" name="TC002_SC004_testErrorMessageForgotPassword" time="0.199"/>
  <system-out/>
  <testcase classname="com.sellingo.TC002_LoginTest" name="TC002_SC005_verifySuccessMessageForMobField" time="0.860"/>
  <system-out/>
  <testcase classname="com.sellingo.TC002_LoginTest" name="TC002_SC006_testErrorMessageOTPfield" time="0.239"/>
  <system-out/>
  <testcase classname="com.sellingo.TC002_LoginTest" name="TC002_SC007_loginTest" time="1.301"/>
  <system-out/>
</testsuite> <!-- com.sellingo.TC002_LoginTest -->
