<?xml version="1.0" encoding="UTF-8"?>
<!-- Generated by org.testng.reporters.JUnitReportReporter -->
<testsuite hostname="Dinesh" failures="0" tests="7" name="com.sellingo.TC001_HomePageTest" time="24.675" errors="0" timestamp="2024-10-08T11:42:39 IST" skipped="0">
  <testcase classname="com.sellingo.TC001_HomePageTest" name="TC001_SC001_verifyHomePageText" time="3.412"/>
  <system-out/>
  <testcase classname="com.sellingo.TC001_HomePageTest" name="TC001_SC002_verifySlides" time="1.657"/>
  <system-out/>
  <testcase classname="com.sellingo.TC001_HomePageTest" name="TC001_SC003verifyFacebookLinkTest" time="3.764"/>
  <system-out/>
  <testcase classname="com.sellingo.TC001_HomePageTest" name="TC001_SC004_verifyTwitterLinkTest" time="5.710"/>
  <system-out/>
  <testcase classname="com.sellingo.TC001_HomePageTest" name="TC001_SC005_verifyInstagramLinkTest" time="2.481"/>
  <system-out/>
  <testcase classname="com.sellingo.TC001_HomePageTest" name="TC001_SC006_verifyLinkedinLinkTest" time="1.867"/>
  <system-out/>
  <testcase classname="com.sellingo.TC001_HomePageTest" name="TC001_SC007_verifyYouTubeLinkTest" time="5.784"/>
  <system-out/>
</testsuite> <!-- com.sellingo.TC001_HomePageTest -->
