<?xml version="1.0" encoding="UTF-8"?>
<!-- Generated by org.testng.reporters.JUnitReportReporter -->
<testsuite hostname="Dinesh" failures="0" tests="7" name="com.sellingo.TC001_HomePageTest" time="31.572" errors="0" timestamp="2024-10-07T00:51:28 IST" skipped="0">
  <testcase classname="com.sellingo.TC001_HomePageTest" name="TC001_SC001_verifyHomePageText" time="4.421"/>
  <system-out/>
  <testcase classname="com.sellingo.TC001_HomePageTest" name="TC001_SC002_verifySlides" time="2.100"/>
  <system-out/>
  <testcase classname="com.sellingo.TC001_HomePageTest" name="TC001_SC003verifyFacebookLinkTest" time="3.605"/>
  <system-out/>
  <testcase classname="com.sellingo.TC001_HomePageTest" name="TC001_SC004_verifyTwitterLinkTest" time="8.174"/>
  <system-out/>
  <testcase classname="com.sellingo.TC001_HomePageTest" name="TC001_SC005_verifyInstagramLinkTest" time="3.316"/>
  <system-out/>
  <testcase classname="com.sellingo.TC001_HomePageTest" name="TC001_SC006_verifyLinkedinLinkTest" time="4.353"/>
  <system-out/>
  <testcase classname="com.sellingo.TC001_HomePageTest" name="TC001_SC007_verifyYouTubeLinkTest" time="5.603"/>
  <system-out/>
</testsuite> <!-- com.sellingo.TC001_HomePageTest -->
