<?xml version="1.0" encoding="UTF-8"?>
<!-- Generated by org.testng.reporters.JUnitReportReporter -->
<testsuite hostname="Dinesh" failures="0" tests="13" name="com.sellingo.TC002_LoginTest" time="103.145" errors="0" timestamp="2024-10-08T11:42:39 IST" skipped="0">
  <testcase classname="com.sellingo.TC002_LoginTest" name="TC002_SC001_errorMessgeMobileNumberTest" time="1.472"/>
  <system-out/>
  <testcase classname="com.sellingo.TC002_LoginTest" name="TC002_SC002_errorMessgePasswordTest" time="0.620"/>
  <system-out/>
  <testcase classname="com.sellingo.TC002_LoginTest" name="TC002_SC003_forgotPasswordFlow" time="0.845"/>
  <system-out/>
  <testcase classname="com.sellingo.TC002_LoginTest" name="TC002_SC004_testErrorMessageForgotPassword" time="0.322"/>
  <system-out/>
  <testcase classname="com.sellingo.TC002_LoginTest" name="TC002_SC005_verifySuccessMessageForMobField" time="0.920"/>
  <system-out/>
  <testcase classname="com.sellingo.TC002_LoginTest" name="TC002_SC006_testErrorMessageOTPfield" time="0.292"/>
  <system-out/>
  <testcase classname="com.sellingo.TC002_LoginTest" name="TC002_SC007_loginTest" time="1.401"/>
  <system-out/>
  <testcase classname="com.sellingo.TC002_LoginTest" name="TC002_SC008_createCatalogStep1" time="22.286"/>
  <system-out/>
  <testcase classname="com.sellingo.TC002_LoginTest" name="TC002_SC009_createCatalogStep2" time="23.610"/>
  <system-out/>
  <testcase classname="com.sellingo.TC002_LoginTest" name="TC002_SC010_createCatalogStep3" time="7.542"/>
  <system-out/>
  <testcase classname="com.sellingo.TC002_LoginTest" name="TC002_SC011_editCreateCatalogStep1" time="17.351"/>
  <system-out/>
  <testcase classname="com.sellingo.TC002_LoginTest" name="TC002_SC_012_editCreateCatalogStep2" time="20.065"/>
  <system-out/>
  <testcase classname="com.sellingo.TC002_LoginTest" name="TC002_SC013_editeditCreateCatalogStep3" time="6.419"/>
  <system-out/>
</testsuite> <!-- com.sellingo.TC002_LoginTest -->
