<?xml version="1.0" encoding="UTF-8"?>
<!-- Generated by org.testng.reporters.JUnitReportReporter -->
<testsuite hostname="Dinesh" failures="0" tests="5" name="com.sellingo.HomePageTest" time="42.907" errors="0" timestamp="2024-09-29T17:15:41 IST" skipped="0">
  <testcase classname="com.sellingo.HomePageTest" name="verifyFacebookLinkTest" time="7.168"/>
  <system-out/>
  <testcase classname="com.sellingo.HomePageTest" name="verifyTwitterLinkTest" time="10.521"/>
  <system-out/>
  <testcase classname="com.sellingo.HomePageTest" name="verifyInstagramLinkTest" time="7.060"/>
  <system-out/>
  <testcase classname="com.sellingo.HomePageTest" name="verifyLinkedinLinkTest" time="8.117"/>
  <system-out/>
  <testcase classname="com.sellingo.HomePageTest" name="verifyYouTubeLinkTest" time="10.041"/>
  <system-out/>
</testsuite> <!-- com.sellingo.HomePageTest -->
