<?xml version="1.0" encoding="UTF-8"?>
<!-- Generated by org.testng.reporters.JUnitReportReporter -->
<testsuite hostname="Dinesh" failures="0" tests="3" name="com.sellingo.LoginTest" time="36.957" errors="0" timestamp="2024-09-29T22:58:41 IST" skipped="0">
  <testcase classname="com.sellingo.LoginTest" name="loginTest" time="13.460"/>
  <system-out/>
  <testcase classname="com.sellingo.LoginTest" name="errorMessgeMobileNumberTest" time="13.665"/>
  <system-out/>
  <testcase classname="com.sellingo.LoginTest" name="errorMessgePasswordTest" time="9.832"/>
  <system-out/>
</testsuite> <!-- com.sellingo.LoginTest -->
