<?xml version="1.0" encoding="UTF-8"?>
<!-- Generated by org.testng.reporters.JUnitReportReporter -->
<testsuite hostname="Dinesh" failures="0" tests="7" name="com.sellingo.TC001_HomePageTest" time="60.639" errors="0" timestamp="2024-09-30T21:13:54 IST" skipped="0">
  <testcase classname="com.sellingo.TC001_HomePageTest" name="verifyHomePageText" time="4.286"/>
  <system-out/>
  <testcase classname="com.sellingo.TC001_HomePageTest" name="verifySlides" time="6.952"/>
  <system-out/>
  <testcase classname="com.sellingo.TC001_HomePageTest" name="verifyFacebookLinkTest" time="12.030"/>
  <system-out/>
  <testcase classname="com.sellingo.TC001_HomePageTest" name="verifyTwitterLinkTest" time="9.560"/>
  <system-out/>
  <testcase classname="com.sellingo.TC001_HomePageTest" name="verifyInstagramLinkTest" time="6.991"/>
  <system-out/>
  <testcase classname="com.sellingo.TC001_HomePageTest" name="verifyLinkedinLinkTest" time="7.196"/>
  <system-out/>
  <testcase classname="com.sellingo.TC001_HomePageTest" name="verifyYouTubeLinkTest" time="13.624"/>
  <system-out/>
</testsuite> <!-- com.sellingo.TC001_HomePageTest -->
