<?xml version="1.0" encoding="UTF-8"?>
<!-- Generated by org.testng.reporters.JUnitReportReporter -->
<testsuite hostname="Dinesh" failures="0" tests="13" name="com.sellingo.TC002_LoginTest" time="100.062" errors="0" timestamp="2024-10-07T00:51:28 IST" skipped="0">
  <testcase classname="com.sellingo.TC002_LoginTest" name="TC002_SC001_errorMessgeMobileNumberTest" time="0.828"/>
  <system-out/>
  <testcase classname="com.sellingo.TC002_LoginTest" name="TC002_SC002_errorMessgePasswordTest" time="0.622"/>
  <system-out/>
  <testcase classname="com.sellingo.TC002_LoginTest" name="TC002_SC003_forgotPasswordFlow" time="0.834"/>
  <system-out/>
  <testcase classname="com.sellingo.TC002_LoginTest" name="TC002_SC004_testErrorMessageForgotPassword" time="0.316"/>
  <system-out/>
  <testcase classname="com.sellingo.TC002_LoginTest" name="TC002_SC005_verifySuccessMessageForMobField" time="1.587"/>
  <system-out/>
  <testcase classname="com.sellingo.TC002_LoginTest" name="TC002_SC006_testErrorMessageOTPfield" time="0.481"/>
  <system-out/>
  <testcase classname="com.sellingo.TC002_LoginTest" name="TC002_SC007_loginTest" time="1.580"/>
  <system-out/>
  <testcase classname="com.sellingo.TC002_LoginTest" name="TC002_SC008_createCatalogStep1" time="21.665"/>
  <system-out/>
  <testcase classname="com.sellingo.TC002_LoginTest" name="TC002_SC009_createCatalogStep2" time="23.739"/>
  <system-out/>
  <testcase classname="com.sellingo.TC002_LoginTest" name="TC002_SC010_createCatalogStep3" time="7.553"/>
  <system-out/>
  <testcase classname="com.sellingo.TC002_LoginTest" name="TC002_SC011_editCreateCatalogStep1" time="14.170"/>
  <system-out/>
  <testcase classname="com.sellingo.TC002_LoginTest" name="TC002_SC_012_editCreateCatalogStep2" time="20.842"/>
  <system-out/>
  <testcase classname="com.sellingo.TC002_LoginTest" name="TC002_SC013_editeditCreateCatalogStep3" time="5.845"/>
  <system-out/>
</testsuite> <!-- com.sellingo.TC002_LoginTest -->
